<?xml version="1.0" encoding="UTF-8"?>
<!-- Generated by org.testng.reporters.JUnitReportReporter -->
<testsuite hostname="Praveenas-MacBook-Pro.local" failures="0" tests="4" name="com.salesforce.tests.Leads.LeadsTest" time="45.556" errors="0" timestamp="2022-02-09T16:34:39 PST" skipped="0">
  <testcase classname="com.salesforce.tests.Leads.LeadsTest" name="checkNewLead" time="10.740"/>
  <system-out/>
  <testcase classname="com.salesforce.tests.Leads.LeadsTest" name="verifyLeadsPage" time="10.066"/>
  <system-out/>
  <testcase classname="com.salesforce.tests.Leads.LeadsTest" name="checkLeadsMenu" time="8.617"/>
  <system-out/>
  <testcase classname="com.salesforce.tests.Leads.LeadsTest" name="checkDefaultView" time="16.133"/>
  <system-out/>
</testsuite> <!-- com.salesforce.tests.Leads.LeadsTest -->
