<?xml version="1.0" encoding="UTF-8"?>
<!-- Generated by org.testng.reporters.JUnitReportReporter -->
<testsuite skipped="0" hostname="Praveenas-MacBook-Pro.local" name="com.salesforce.tests.Accounts.CreateAccountReportTest" tests="1" failures="0" timestamp="2022-02-06T20:39:38 PST" time="17.916" errors="0">
  <testcase name="createView" time="17.916" classname="com.salesforce.tests.Accounts.CreateAccountReportTest"/>
  <system-out/>
</testsuite> <!-- com.salesforce.tests.Accounts.CreateAccountReportTest -->
