<?xml version="1.0" encoding="UTF-8"?>
<!-- Generated by org.testng.reporters.JUnitReportReporter -->
<testsuite hostname="Praveenas-MacBook-Pro.local" failures="0" tests="5" name="com.salesforce.tests.Login.LoginTest" time="30.038" errors="0" timestamp="2022-02-09T16:34:39 PST" skipped="0">
  <testcase classname="com.salesforce.tests.Login.LoginTest" name="LoginSFDC" time="7.866"/>
  <system-out/>
  <testcase classname="com.salesforce.tests.Login.LoginTest" name="ForgotPassword" time="2.994"/>
  <system-out/>
  <testcase classname="com.salesforce.tests.Login.LoginTest" name="WrongUserNamePwd" time="3.619"/>
  <system-out/>
  <testcase classname="com.salesforce.tests.Login.LoginTest" name="LoginErrorMessage" time="5.727"/>
  <system-out/>
  <testcase classname="com.salesforce.tests.Login.LoginTest" name="CheckRememberMe" time="9.832"/>
  <system-out/>
</testsuite> <!-- com.salesforce.tests.Login.LoginTest -->
