<?xml version="1.0" encoding="UTF-8"?>
<!-- Generated by org.testng.reporters.JUnitReportReporter -->
<testsuite skipped="0" hostname="Praveenas-MacBook-Pro.local" name="com.salesforce.tests.UserMenu.UserMenuDropDownTest" tests="1" failures="0" timestamp="2022-02-05T09:26:00 PST" time="24.870" errors="0">
  <testcase name="MyProfile" time="24.870" classname="com.salesforce.tests.UserMenu.UserMenuDropDownTest"/>
  <system-out/>
</testsuite> <!-- com.salesforce.tests.UserMenu.UserMenuDropDownTest -->
