<?xml version="1.0" encoding="UTF-8"?>
<!-- Generated by org.testng.reporters.JUnitReportReporter -->
<testsuite skipped="0" hostname="Praveenas-MacBook-Pro.local" name="com.selenium.test.SalesForceAutomation" tests="1" failures="0" timestamp="2022-02-02T17:47:30 PST" time="13.989" errors="0">
  <testcase name="SalesLoginFull" time="13.989" classname="com.selenium.test.SalesForceAutomation"/>
  <system-out/>
</testsuite> <!-- com.selenium.test.SalesForceAutomation -->
