<?xml version="1.0" encoding="UTF-8"?>
<!-- Generated by org.testng.reporters.JUnitReportReporter -->
<testsuite hostname="Praveenas-MacBook-Pro.local" failures="0" tests="5" name="com.salesforce.tests.Opportunities.OpportunitiesTest" time="59.433" errors="0" timestamp="2022-02-09T16:34:39 PST" skipped="0">
  <testcase classname="com.salesforce.tests.Opportunities.OpportunitiesTest" name="createNewOpportunity" time="14.820"/>
  <system-out/>
  <testcase classname="com.salesforce.tests.Opportunities.OpportunitiesTest" name="checkOpportunityPipelineReport" time="11.466"/>
  <system-out/>
  <testcase classname="com.salesforce.tests.Opportunities.OpportunitiesTest" name="checkOpportunityStuckReport" time="11.925"/>
  <system-out/>
  <testcase classname="com.salesforce.tests.Opportunities.OpportunitiesTest" name="verifyOpportunitiesMenu" time="9.826"/>
  <system-out/>
  <testcase classname="com.salesforce.tests.Opportunities.OpportunitiesTest" name="checkQuaterlySummaryReport" time="11.396"/>
  <system-out/>
</testsuite> <!-- com.salesforce.tests.Opportunities.OpportunitiesTest -->
