<?xml version="1.0" encoding="UTF-8"?>
<!-- Generated by org.testng.reporters.JUnitReportReporter -->
<testsuite skipped="0" hostname="Praveenas-MacBook-Pro.local" name="com.salesforce.tests.UserMenuSettings.DevConsoleTest" tests="1" failures="0" timestamp="2022-02-09T04:23:12 PST" time="10.615" errors="0">
  <testcase name="DeveloperConsole" time="10.615" classname="com.salesforce.tests.UserMenuSettings.DevConsoleTest"/>
  <system-out/>
</testsuite> <!-- com.salesforce.tests.UserMenuSettings.DevConsoleTest -->
